
2024-11-20 00:04:24 [main] INFO  Titulo - Iniciando la aplicacion
2024-11-20 00:04:24 [main] INFO  Titulo - Entramos en el bucle para que el usuario pida las peliculas que desee
2024-11-20 00:04:24 [main] INFO  Titulo - inician las peticiones
2024-11-20 00:04:24 [main] INFO  Titulo - iniciando la peticion del nombre de la pelicula a buscar al usuario
2024-11-20 00:04:43 [main] INFO  Titulo - inician las tranformaciones de datos
2024-11-20 00:04:43 [main] DEBUG Titulo - Entramos en la instancia de la conexion a la API
2024-11-20 00:04:43 [main] INFO  Titulo - la instancia llamo a un metodo que configura el nombre de la pelicula agregandole + si tiene espacios
2024-11-20 00:04:43 [main] DEBUG Titulo - iniciando la transformacion de datos para obtener un titulo
2024-11-20 00:04:43 [main] INFO  Titulo - se inicializo el Gson con el GsonBuilder para configurarle la opcion de que reconozca las mayusculas al inicio de cada atributo para que no haya diferencias con nuestra clase Titulo y se respeten las buenas practicas
2024-11-20 00:04:43 [main] INFO  Titulo - Se entro al metodo getJson de la clase ConexionApiOmd para obtener la respuesta de acuerdo a la busqueda por nombre
2024-11-20 00:04:44 [main] INFO  Titulo - Se logro obtener los datos de la API y se retornara el body
2024-11-20 00:04:44 [main] INFO  Titulo - se obtuvo el Json y ahora se mostrara la informacion que contiene
2024-11-20 00:04:44 [main] INFO  Titulo - {"Title":"Matrix","Year":"1993","Rated":"N/A","Released":"01 Mar 1993","Runtime":"60 min","Genre":"Action, Drama, Fantasy","Director":"N/A","Writer":"Grenville Case","Actors":"Nick Mancuso, Phillip Jarrett, Carrie-Anne Moss","Plot":"Hitman Steven Matrix is shot, experiences afterlife, gets second chance by helping others. Wakes up, meets guides assigning cases where he aids people using unorthodox methods from past profession.","Language":"English","Country":"Canada","Awards":"1 win","Poster":"https://m.media-amazon.com/images/M/MV5BM2JiZjU1NmQtNjg1Ni00NjA3LTk2MjMtNjYxMTgxODY0NjRhXkEyXkFqcGc@._V1_SX300.jpg","Ratings":[{"Source":"Internet Movie Database","Value":"7.6/10"}],"Metascore":"N/A","imdbRating":"7.6","imdbVotes":"213","imdbID":"tt0106062","Type":"series","totalSeasons":"N/A","Response":"True"}
2024-11-20 00:04:44 [main] INFO  Titulo - Se realizo el traslado de la informacion del Json Al Dto que recibira los datos necesarios del Json
2024-11-20 00:04:44 [main] INFO  Titulo - se procede a retornar el Titulo y a que el constructor del titulo realiza la parametrizacion
2024-11-20 00:04:44 [main] INFO  Titulo - iniciando un Titulo con informacion de un TituloOmdb
2024-11-20 00:04:44 [main] INFO  Titulo - Se pudo convertir la fecha de lanzamiento  de la pelicula al tipo de dato int
2024-11-20 00:04:44 [main] INFO  Titulo - se pudo convertir el runtime de la pelicula
2024-11-20 00:04:44 [main] INFO  Titulo - se agrega el titulo obtenido a la lista de titulos
2024-11-20 00:04:44 [main] INFO  Titulo - nombre='Matrix, fechaDeLanzamiento=1993, duracionEnMinutos=60, incluidoEnElPlan=false, sumaDeLasEvaluaciones=0.0, totalDelasEvaluaciones=0
2024-11-20 00:04:44 [main] WARN  Titulo - El contador cambia de valor a 2
2024-11-20 00:04:44 [main] INFO  Titulo - Entramos en el bucle para que el usuario pida las peliculas que desee
2024-11-20 00:04:44 [main] INFO  Titulo - inician las peticiones
2024-11-20 00:04:44 [main] INFO  Titulo - iniciando la peticion del nombre de la pelicula a buscar al usuario
2024-11-20 00:05:35 [main] INFO  Titulo - inician las tranformaciones de datos
2024-11-20 00:05:35 [main] DEBUG Titulo - Entramos en la instancia de la conexion a la API
2024-11-20 00:05:35 [main] INFO  Titulo - la instancia llamo a un metodo que configura el nombre de la pelicula agregandole + si tiene espacios
2024-11-20 00:05:35 [main] DEBUG Titulo - iniciando la transformacion de datos para obtener un titulo
2024-11-20 00:05:35 [main] INFO  Titulo - se inicializo el Gson con el GsonBuilder para configurarle la opcion de que reconozca las mayusculas al inicio de cada atributo para que no haya diferencias con nuestra clase Titulo y se respeten las buenas practicas
2024-11-20 00:05:35 [main] INFO  Titulo - Se entro al metodo getJson de la clase ConexionApiOmd para obtener la respuesta de acuerdo a la busqueda por nombre
2024-11-20 00:05:36 [main] INFO  Titulo - Se logro obtener los datos de la API y se retornara el body
2024-11-20 00:05:36 [main] INFO  Titulo - se obtuvo el Json y ahora se mostrara la informacion que contiene
2024-11-20 00:05:36 [main] INFO  Titulo - {"Title":"Bichos","Year":"2023","Rated":"N/A","Released":"08 Mar 2023","Runtime":"N/A","Genre":"Short, Family","Director":"Ares Sirvent","Writer":"Ares Sirvent","Actors":"Norberto Arribas, Alejandro Martinez, Antonio Reyes","Plot":"N/A","Language":"Spanish","Country":"Spain","Awards":"N/A","Poster":"https://m.media-amazon.com/images/M/MV5BNmU3NWM4MTItM2U4Mi00YmE5LWE2MmYtNGE4NDRiOWFiNjM2XkEyXkFqcGc@._V1_SX300.jpg","Ratings":[],"Metascore":"N/A","imdbRating":"N/A","imdbVotes":"N/A","imdbID":"tt22191036","Type":"movie","DVD":"N/A","BoxOffice":"N/A","Production":"N/A","Website":"N/A","Response":"True"}
2024-11-20 00:05:36 [main] INFO  Titulo - Se realizo el traslado de la informacion del Json Al Dto que recibira los datos necesarios del Json
2024-11-20 00:05:36 [main] INFO  Titulo - se procede a retornar el Titulo y a que el constructor del titulo realiza la parametrizacion
2024-11-20 00:05:36 [main] INFO  Titulo - iniciando un Titulo con informacion de un TituloOmdb
2024-11-20 00:05:36 [main] INFO  Titulo - Se pudo convertir la fecha de lanzamiento  de la pelicula al tipo de dato int
2024-11-20 00:05:36 [main] INFO  Titulo - No se pudo convertir el runtime de la pelicula pero se atrapo el error y se asigno un valor valido al atributo qu fallo
2024-11-20 00:05:36 [main] ERROR Titulo - For input string: "N/"
2024-11-20 00:05:36 [main] INFO  Titulo - se agrega el titulo obtenido a la lista de titulos
2024-11-20 00:05:36 [main] INFO  Titulo - nombre='Bichos, fechaDeLanzamiento=2023, duracionEnMinutos=0, incluidoEnElPlan=false, sumaDeLasEvaluaciones=0.0, totalDelasEvaluaciones=0
2024-11-20 00:05:36 [main] WARN  Titulo - El contador cambia de valor a 3
2024-11-20 00:05:36 [main] INFO  Titulo - Fin de la aplicacion
